2019-08-12 23:17:40 [root] WARNING: item::::::: {'date': '2019-08-12',
 'jobErea': '上班地址 : 中兴通讯研发大厦</span></a>\t',
 'jobName': 'JAVA开发工程师（01）',
 'jobRequest': ['工作职责:',
                '1、根据系统概要设计完成详细设计；',
                '2、独立完成复杂业务需求的开发；',
                '3、负责处理一些疑难问题攻关和系统性能优化工作等；',
                '4、负责处理上级授权与交办的其它工作等；',
                '任职资格:',
                '1.计算机或相关专业本科以上学历,4年以上JAVA实际开发经验；',
                '2.熟悉J2EE体系结构,精通主流开发框架（Spring、SpringMVC、Bootstrap、Mybatis、Hibernate、WebServices、Jquery、HTML5等），熟悉SOA架构体系；',
                '3.熟悉WebSphere/WebLogic/JBoss/Tomcat等主流J2EE应用服务器；',
                '4.熟悉Oracle/SQLServer/Mysql等主流数据库管理系统、相关技术及工具；',
                '5.熟悉Redis、Memcached等主流缓存中间件。',
                '6.熟悉常用的MQ消息中间件，有kafka使用的优先。',
                '7.熟悉Docker容器的基本命令使用。',
                '8.善于思考，主动积极，沟通能力强，有良好的团队精神，能够承担压力。',
                '优先考虑的条件：',
                '1.具有自动化测试开发工作者经验；',
                '2.具有微服务开发工作经验者优先；',
                '3.具有相应业务领域工作经验者优先。']}
2019-08-12 23:17:40 [root] WARNING: item::::::: {'date': '2019-08-12',
 'jobErea': '上班地址 : 清龙路港之龙科技园i栋3楼</span></a>\t',
 'jobName': 'Java高级开发工程师',
 'jobRequest': ['1、根据产品文档和公司要求独立完成后台应用程序的设计、开发及调试工作；',
                '2、高质量交互软件产品；',
                '3、能指导团队内其他工程师的开发工作，能解决系统的疑难问题。',
                '任职要求：',
                '1、本科以上学历（统招），计算机相关专业，7年以上工作经验，负责大型互联网后台应用的开发，年龄在28--35优先；',
                '2、精通Java语言，精通多线程编程、网络编程，理解Java虚拟机调优；',
                '3、精通HTTP协议,熟悉TCP/IP协议，Socket和NIO编程；',
                '4、精通spring，springMVC，springboot，springcloud，熟悉UML建模，数据建模等，模式设计；',
                '5、熟悉Linux基本操作，熟练配置维护Tomcat/Jetty等服务；',
                '6、具有独立设计并实现高并发、高可用的大型Java应用的能力，使用过dubbox过优先；',
                '7、熟悉JDBC/MyBatis/Hibernate等数据库编程，熟悉sqlserver，mysql（MariaDBclusterorperconacluster）优先；',
                '8、有分布式缓存(redis/memcache等)、分布式存储技术（mongdbase等分布式数据）使用经验优先；9、有netty,mina通讯框架开发经验者优先；',
                '10、有rabbitmq或kafka消息队列开发经验者优先。']}
2019-08-12 23:17:40 [root] WARNING: item::::::: {'date': '2019-08-12',
 'jobErea': '上班地址 : 深圳市龙华区民治街道民治大道318号嘉熙业广场931室</span></a>\t',
 'jobName': 'java高级开发工程师',
 'jobRequest': ['任职要求：',
                '1.大专及以上相关专业毕业，2年及以上java后台编程经验，且须经历过完整的项',
                '目开发。',
                '2.熟练掌握主流java主流开源框架，如:spring、springMvc、myBatis/hibernate；',
                '熟知MYSQL数据库、接口技术（Webservice）、分布式开发原理；',
                '熟悉JQuery、HTML5、JavaScript、CSS、XML等B/S技术,能独立编写前端HTML项目代码的优先;',
                '熟悉TCP/IP协议的基本原理；',
                '3.有良好的代码规范、有一定的开发文档整理与编写能力；',
                '4.对互联网的产品与技术有较全面理解，能够参与产品与系统的规划的技术可行性评估。',
                '5.责任心强、做事有条理、抗压性强，并具备良好的学习能力与团队合作意识；',
                '职位描述：',
                '1.负责B/S商城系统、会员分销系统等功能的开发、APP平台（含智能硬件控制功能）的规划与开发；',
                '2.参与现有系统框架优化、性能优化，甚至重构、功能扩展开发、技术维护工作；',
                '3.对公司营销活动创意的技术可行性进行评估，提供解决方案并实现开发；',
                '4.能够独立完成上级分配开发任务及相关工作，能完成相关开发文档的整理与编写；',
                '5.能独立带领开发小组，负责独立模块的开发，并能与其它小组进行协作。',
                '6.参与部门建设、人员培养及技术方向的规划']}
2019-08-12 23:17:40 [root] WARNING: item::::::: {'date': '2019-08-12',
 'jobErea': '上班地址 : 龙岗区坂田星河WORLD F栋18楼</span></a>\t',
 'jobName': 'Java中级开发工程师',
 'jobRequest': ['岗位要求：',
                '1、负责新产品开发，保障开发进度及质量；',
                '2、负责后端项目的开发和维护；',
                '3、按照工作计划及项目进度，完成领导分配的开发工作；',
                '4、参与需求讨论、系统架构、技术解决方案和数据库设计；',
                '任职条件：',
                '1、计算机相关专业大专及以上学历，2年以上JavaWeb开发及架构经验；',
                '2、熟练使用SpringBoot、Spring、SpringMVC、MyBatis、Dubbo等常用开发框架，对其设计原理有一定了解；',
                '3、熟悉MySQL、SQLServer等数据库、熟练Linux的常用命令及脚本编写；',
                '4、熟练使用Maven、Git、SVN等项目管理和配置管理工具；',
                '5、熟练Redis/Memcache、Kafka、Zookeeper等常用中间件；',
                '6、对技术有浓厚的兴趣，喜欢钻研，具有较强的学习能力，严谨的逻辑思维，严谨的编码风格；',
                '7、具备耐心/细心的品质，有良好的团队合作精神。']}
2019-08-12 23:17:40 [root] WARNING: item::::::: {'date': '2019-08-12',
 'jobErea': '上班地址 : 大冲商务中心D座8楼</span></a>\t',
 'jobName': 'Java开发工程师',
 'jobRequest': ['岗位职责：',
                '1.负责公司内部系统新功能的开发，以及原有功能的维护；',
                '2.负责公司外部网站的开发；',
                '3.根据需求文档完成相应的文档以及相应的开发；',
                '4.协助产品部完成系统的规划，需求分析；',
                '5.协助UI设计师完成系统的UI设计；',
                '6.协助架构设计师完成系统的总体；',
                '7.负责某个具体模块的设计、开发、单元测试、维护；',
                '8.配合其他软件工程师共同完成某个模块或多个模块的设计、开发、单元测试、维护。',
                '任职要求：',
                '1.计算机相关专业本科及以上学历，3年以上的J2SE/J2EE实际开发经验；',
                '2.熟悉SpringBoot，SpringCloud微服务开发；',
                '2.熟悉常见设计模式，以及UML的设计；',
                '4.熟悉Struts2，Hibernate，Spring，myBatis/iBatis等开源框架；',
                '5.熟练掌握Servlet，JDBC等Java技术，以及MVC的设计思想；',
                '6.熟悉常用缓存技术，如redis、mongoDB等；',
                '7.熟练掌握HTML，XML，JavaScript，CSS等技术；',
                '8.熟练使用IntellijIDE开发工具，熟悉Tomcat，Resin等WebServer；',
                '9.熟悉关系型数据库，有使用Oracle，MySQL的实际经验；',
                '10.熟悉Linux的常用命令。']}
2019-08-12 23:17:40 [root] WARNING: item::::::: {'date': '2019-08-12',
 'jobErea': '上班地址 : 深圳市福田区下梅林北环大道7018号三弦智库大厦7楼</span></a>\t',
 'jobName': 'Java高级开发工程师（关务平台）',
 'jobRequest': ['岗位职责：',
                '1、根据产品文档和公司要求独立完成后台应用程序的设计、开发及调试工作;',
                '2、高质量交互软件产品;',
                '3、能指导团队内其他工程师的开发工作，能解决系统的疑难问题。',
                '岗位要求：',
                '1、本科以上学历（统招），计算机相关专业，5年以上工作经验，负责大型互联网后台应用的开发，年龄在28--35优先;',
                '2、精通rabbitmq或kafka消息队列；',
                '3、精通Java语言，精通多线程编程、网络编程，理解Java虚拟机调优;',
                '4、精通HTTP协议,熟悉TCP/IP协议，Socket和NIO编程;',
                '5、精通spring，springMVC，springboot，springcloud，熟悉UML建模，数据建模等，模式设计;',
                '6、熟悉Linux基本操作，熟练配置维护Tomcat/Jetty等服务;',
                '7、具有独立设计并实现高并发、高可用的大型Java应用的能力;',
                '8、熟悉JDBC/MyBatis/Hibernate等数据库编程，熟悉sqlserver，mysql（MariaDBclusterorperconacluster）;',
                '9、有分布式缓存(redis/memcache等)、分布式存储技术（mongdbase等分布式数据）使用经验优先;',
                '10、有netty,mina通讯框架开发经验者优先。']}
2019-08-12 23:17:40 [root] WARNING: item::::::: {'date': '2019-08-12',
 'jobErea': '上班地址 : 深圳市龙岗区平湖街道海吉星物流园海吉星电商大厦23楼2301</span></a>\t',
 'jobName': 'Java高级开发工程师',
 'jobRequest': ['岗位职责：',
                '1、参与项目需求分析,进行系统框架和核心模块的详细设计；',
                '2、参与软件核心模块的编码和单元测试；',
                '3、根据公司技术文档规范编写相应的技术文档；',
                '4、负责对系统维护人员的系统培训；',
                '5、在开发中与项目相关人员密切配合，保证整个任务顺利进行。',
                '岗位要求：',
                '1、精通JAVA,J2EE构架体系，熟悉Oracle、MYSQL关系数据库；',
                '2、5年以上软件项目实施或开发经验，具有一定软件设计能力；',
                '3、有电商或大数据行业开发经验者优先；',
                '4、良好的沟通表达能力和工作态度；',
                '***。']}
2019-08-12 23:17:41 [root] WARNING: item::::::: {'date': '2019-08-12',
 'jobErea': '上班地址 : 深南中路国际文化大厦</span></a>\t',
 'jobName': 'Java开发工程师（外包）',
 'jobRequest': ['职位要求',
                '1、本科3年以上Java开发经验(必须统招本科)，Java基础功底扎实，具有良好的编码风格和开发习惯；',
                '2、精通Spring、ibatis框架；',
                '3、熟悉面向对象编程，具有良好的编程风格和习惯；了解软件开发流程，熟悉MVC模式；',
                '4、至少掌握一门数据库，要求熟悉Oracle以及MySQL数据库，精通SQL，具备关系型数据库开发设计能力；',
                '5、了解分布式与集群架构的技术原理；',
                '6、熟悉css/html等网页技术,熟练掌握Javascript、JQuery、AJAX、Bootstrap，有前端组件开发经验更佳；',
                '7、具备一定设计能力，熟悉UML建模工具，能进行分析和设计；',
                '8、有良好的逻辑思维能力和团队合作，快速分析和解决问题的能力，有平台设计及系统架构经验为佳；',
                '9、工作积极主动、踏实严谨；学习能力强；责任心强、抗压能力强。',
                '优先条件：',
                '1、有财务等金融软件开发经验。',
                '2、有风控系统开发经验。',
                '工作职责：',
                '1、协助项目经理和技术经理，完成任务分工和认领；',
                '2、按产品需求进行软件设计和编码实现，确保安全、质量和性能；',
                '3、负责解决单元测试、集成测试、UAT及线上的技术问题；',
                '4、分析并解决软件开发过程中的问题；',
                '5、解决开发过程中遇到的关键技术问题，指导初级开发人员进行开发。']}
2019-08-12 23:17:41 [root] WARNING: item::::::: {'date': '2019-08-12',
 'jobErea': '上班地址 : 罗湖区梨园路6号物资控股置地大厦19楼</span></a>\t',
 'jobName': 'Java开发工程师',
 'jobRequest': ['岗位职责：',
                '1、计算机相关专业专科及以上学历；3年以上JAVA开发经验，有过大规模高并发Web应用架构设计开发经验；',
                '2、JAVA基础扎实，熟悉io、多线程、集合等基础框架，熟悉分布式、缓存、消息等机制；',
                '3、熟练掌握Spring、JMS、MyBatis、JVM、springboot等，对常用开源框架有深入的了解，读过源代码，理解其设计思想并能灵活运用；',
                '4、熟悉常用设计模式，有大型分布式、高并发、高负载、高可用系统设计经验；',
                '5、掌握Linux操作系统及SQL语言，理解数据库和NoSQL的存储原理；',
                '6、具有较强的抽象设计能力，思路清晰，善于思考，能独立分析和解决复杂问题；',
                '7、良好的文档输出能力及方案整合能力；',
                '8、对技术有强烈的兴趣，喜欢钻研，具有良好的学习能力，在关注的领域有着深入的研究；',
                '9、良好的沟通技巧、团队合作精神和承受压力的能力。']}
2019-08-12 23:17:41 [root] WARNING: item::::::: {'date': '2019-08-12',
 'jobErea': '上班地址 : 梅坂大道与雅宝路交叉口星河world  B座1205室</span></a>\t',
 'jobName': 'Java开发工程师',
 'jobRequest': ['岗位职责：',
                '1、参与项目系统设计，完成软件项目程序开发和测试等工作；',
                '2、负责编写项目开发有关技术文档。',
                '任职要求：',
                '1、三年或以上JAVA技术开发经验，熟练使用常用设计模式；',
                '2、熟悉WEB开发技术，包括但不限于Mybatis/Json/JS/Jquery/Html5/Spring/SpringMVC；',
                '3、熟悉MYSQL,Mongodb；',
                '4、具备软件架构设计知识；',
                '5、较好的英文阅读能力；',
                '6、工作积极主动，有较强责任感和严谨工作作风;良好的团队沟通沟通能力。']}
2019-08-12 23:17:41 [root] WARNING: item::::::: {'date': '2019-08-12',
 'jobErea': '上班地址 : 捷进2路51号珠江银行学院</span></a>\t',
 'jobName': '中级Java开发工程师 广州',
 'jobRequest': ['1、参与软件项目的编码实施、测试和文档编写；',
                '2、参与系统概要设计；',
                '3、参与部分模块的详细设计；',
                '4、负责部分模块的编码实施；',
                '5、参与测试和文档编写工作。',
                '职位要求：',
                '1、本科及以上学历，计算机相关专业；',
                '2、有后台软件开发和项目实施经验，有金融银行背景的优先；',
                '3、熟悉Struts、Spring、Hibernate等服务端开发框架，并有实际项目开发经验；',
                '4、熟悉Javascript、HTML、CSS前端开发，并有实际项目开发经验；',
                '5、熟悉SQL，熟悉Orcale、DB2、SQLSERVER、Mysql数据库应用开发中至少一个；',
                '6、熟悉Weblogic、Websphere、Tomcat、Jboss等J2EE应用服务器中至少一个；',
                '7、熟悉Eclipse开发工具；',
                '8、有linux/Unix操作系统下开发经验者优先；',
                '9、具有良好的沟通能力、团队合作精神和职业稳定性，工作积极主动、服从安排，能承受较大压力，责任心和学习能力强。']}
2019-08-12 23:17:41 [root] WARNING: item::::::: {'date': '2019-08-12',
 'jobErea': '上班地址 : 南山街道南新路阳光科创中心A座602A</span></a>\t',
 'jobName': 'Java开发工程师',
 'jobRequest': ['1、参与产品项目规划工作，设计架构相关技术方案，制定具体项目实施规则。',
                '2、根据开发进度和任务分配，完成相应软件模块的设计、开发、单元测试和文档编写。',
                '3、调整、部署系统平台的搭建，调优等。',
                '4、参与并负责现有产品的维护与改进。',
                '1、计算机及相关专业本科或以上学历，2年以上javaweb项目开发经验，基础扎实，代码规范严谨。',
                '2、熟练J2EE，JavaWEB编程技术，熟悉常用开源的框架如Spring、SpringMVC,MyBatis等有深入的应用和优化经验。',
                '3、熟悉数据库基本理论，熟练ORACLE、Mysql、SQLServer中的一种或者几种的使用、设计、SQL调优等；',
                '4、熟悉Dubbo、ZooKeeper，nginx等开源框架架构，对SOA、服务化、模块化有较好的实际应用经验。',
                '5、熟练Linux系统及常用shell命令和脚本编写。',
                '6、优秀的分析问题、解决问题能力，乐于解决具有挑战性的问题。',
                '7、有线上高并发、大数据量处理经验，对java多线程编程有较深的理解，并有实战经验者优先。']}
2019-08-12 23:17:41 [root] WARNING: item::::::: {'date': '2019-08-12',
 'jobErea': '上班地址 : 皇岗路5001号深业上城37层</span></a>\t',
 'jobName': 'Java高级开发工程师',
 'jobRequest': ['1、负责资产业务相关系统的架构、设计、开发；',
                '2、负责系统需求分析、模块设计、代码开发等工作，协调产品、测试人员完成项目开发；',
                '3、把握复杂系统的设计，核心代码编写，系统性能优化，系统技术难题攻坚，指导和培训工程师，组织代码评审。',
                '1、5年以上Java开发经验，本科（统招）以上学历，Java基础扎实，深入了解成熟Java开源框架，如spring/springmvc/mybatis；',
                '2、有很强的分析问题和解决问题的能力，有强烈的责任心；',
                '3、熟悉分布式、多线程及高性能的设计与编码及性能调优，熟悉分布式系统的设计架构，有netty/hystrix/dubbo/zookeeper/redis/sentinel/brave/thirft/rabbitmq/dubbo/soa/SpringBoot/SpringCloud等开发经验，有dubbo技术栈（dubbo，sentinel，brave）实际开发经验者优先考虑；',
                '4、熟练掌握oracle\\db2数据库，能根据业务场景进行sql调优；',
                '5、熟悉风控、账务、清算、结算、资金账户支付业务优先；',
                '6、具有金融系统开发经验者或第三方支付系统设计经验者优先；',
                '7、熟悉微服务开发框架者优先；',
                '8、有很强的学习能力，爱好学习，能够承受较大压力。']}
2019-08-12 23:17:41 [root] WARNING: item::::::: {'date': '2019-08-12',
 'jobErea': '上班地址 : 深圳市龙岗区南湾街道丹竹头康正路48号莲塘工业区办公楼四楼</span></a>\t',
 'jobName': 'Java高级开发工程师',
 'jobRequest': ['岗位要求：',
                '1.精通java开发，有扎实的基础知识，熟悉J2EE架构，三年以上经验。',
                '2.熟悉SpringMVC+Mybatis框架',
                '3.熟悉mysql,oracle数据库，能够熟练的运用sql，熟悉SQL性能优化',
                '4.熟练使用javascript、Ajax、JQuery等前台框架，熟悉Linux系统',
                '5.有良好的编码习惯，代码规范',
                '6.有良好团队合作精神，对工作认真负责。',
                '岗位职责',
                '1.团队开发人员，按需求制定开发，交付功能',
                '2.负责软件产品的模块设计、数据库设计；',
                '3.写需求文档，技术研发，修改Bug,测试产品']}
2019-08-12 23:17:41 [root] WARNING: item::::::: {'date': '2019-08-12',
 'jobErea': '上班地址 : '
            '深圳市福田区福华三路168号国际商会中心10楼1001室(靠近地铁1号线购物公园站和4号线会展中心站）</span></a>\t',
 'jobName': 'Java开发工程师',
 'jobRequest': ['1.参与系统核心架构的设计；',
                '2.负责应用/网站后台系统的架构和开发',
                '3.负责系统的性能优化',
                '4.协同前端开发，完成产品开发和上线。',
                '岗位要求：',
                '1.具有本科或以上学历，计算机软件相关专业；',
                '2.具有3年以上Java开发工作经验；',
                '3.熟练掌握Spring/Springboot/Springcloud等相关框架',
                '4.熟练掌握MySQL/Postgresql/Oracle等常用数据库，熟练使用存储过程,了解SQL优化；',
                '5.能够熟练阅读英文文档；',
                '6.熟练Linux操作，能够独立部署并维护系统；',
                '7.了解HTTP协议，了解RESTful。',
                '其他要求:',
                '1.善良敦厚，具较好的逻辑思维及创造力；',
                '2.较好的沟通能力，有较强的责任心和团队合作精神。']}
2019-08-12 23:17:41 [root] WARNING: item::::::: {'date': '2019-08-12',
 'jobErea': '上班地址 : 金田路4028号荣超经贸中心</span></a>\t',
 'jobName': 'Java开发工程师',
 'jobRequest': ['工作职责：',
                '1.负责项目业务需求分析、技术方案设计及相关技术文档编写',
                '2.负责软件的程序设计与代码实现',
                '3.根据项目具体要求，承担开发任务，按计划完成任务目标',
                '4.参与关键技术问题的攻关',
                '5.积极和外界交流沟通，多渠道主动跟踪研究国际、国内新技术的发展与应用状况，尤其是与金融证券相关的新技术、新应用系统和新的解决方案',
                '职位要求：',
                '1.计算机相关专业本科及以上学历',
                '2.3年及以上JAVA语言开发经验，JAVA语言基础扎实，有大型JAVA项目开发背景',
                '3.熟悉J2EE相关技术，深入理解常用的开源框架和技术，如SpringMVC、Mybatis/Hibernate等并熟悉其内部原理',
                '4.精通SQL及优化，熟悉Oracle或Mysql关系型数据库，熟悉常用的NoSQL技术如Redis/MongoDB并具有实战经验',
                '5.有抽象设计能力，熟悉面向对象设计技术，熟悉常用设计模式，熟练掌握常用算法',
                '6.熟悉HTML5，有一定的Web前台开发经验，对JavaScript前台开发有深入理解',
                '7.有微服务开发（SpringBoot），Docker背景者优先',
                '8.有高度的责任感、很强的学习和沟通能力，具有良好的团队合作精神',
                '9.有金融从业背景者优先']}
2019-08-12 23:17:41 [root] WARNING: item::::::: {'date': '2019-08-12',
 'jobErea': '上班地址 : 龙岗区龙翔大道9002号志联佳大厦508</span></a>\t',
 'jobName': 'Java开发工程师/架构师',
 'jobRequest': ['能独立负责公司APP的接口开发工作，有两年以上APP后端开发（Java语言）经验',
                '要求熟悉：ssh、ssm、shiro、Ehcache2.6、Redis、Log4j、jQuery、socket、httpclient、即时通讯技术、地图、支付宝和微信支付。',
                '岗位职责',
                '1.架构设计和概要设计，擅长数据库表的规范设计熟悉掌握springmvc开发接口；',
                '2.负责对现有系统的优化、重构，提升系统的性能、稳定性以及可靠性优化;',
                '3.解决产品中的业务问题以及技术难点，负责产品中的技术难点攻关；',
                '4.负责核心代码的编写，技术难题的攻关，解决系统性能及数据安全问题；',
                '5.能独立负责App接口、Web应用的程序开发、测试、部署等；',
                '6、协助完成相关技术文档的需求及上级安排的其他工作。',
                '任职要求',
                '1.大专及以上学历，计算机软件工程设计开发相关专业毕业，2年以上相关工作经验；品格良好，有吃苦耐劳精神，团队协作能力强，能够持续接受工作压力和挑战，严谨仔细，工作态度端正，服从公司制度管理，性格开朗，具有创新与沟通协调能力；',
                '2.要求2年以上开发工作经验，熟练掌握SSH、SSM开源框架，对Spring，SpringMVC,MyBatis等有深入了解;',
                '3.熟练掌握mysql、memcached，redis等主流数据存储系统,可对系统进行性能调优;',
                '4.有消息中间件、缓存系统、SOA、业务监控经验者优先;',
                '5.有分布式、高并发、高可用性、高稳定性、复杂业务处理的经验优先;',
                '6.良好的代码编写、单元测试、注释以及文档的习惯;',
                '7.熟悉支付宝、微信支付订单接口流程和集成；']}
2019-08-12 23:17:41 [root] WARNING: item::::::: {'date': '2019-08-12',
 'jobErea': '上班地址 : 南山</span></a>\t',
 'jobName': 'Java高级开发工程师',
 'jobRequest': ['参与设计、开发、测试、维护运行在Linux下的分布式后台服务及工具，研究及解决技术难题，改进现有技术方案和探索新的技术方向。',
                '任职要求：',
                '1、本科及以上学历，扎实的数据结构、算法基础和编程能力。',
                '2、有互联网产品的开发经验，熟悉敏捷开发流程，了解单元测试、代码审核、持续集成。',
                '3、熟悉分布式系统开发，有参与过大型服务架构的加分。',
                '4、熟悉关系数据库（PostgreSQL、MySQL等）的使用（SQL）和基本原理，了解非关系数据库。',
                '5、注重代码风格和可维护性，了解设计模式，热爱编程。',
                '6、对编程安全有敏感度，熟悉基本的软件安全实践。',
                '7、有很强的自我驱动能力和良好的协作能力。']}
2019-08-12 23:17:41 [root] WARNING: item::::::: {'date': '2019-08-12',
 'jobErea': '上班地址 : 深圳市福田区八卦一路617栋4F</span></a>\t',
 'jobName': 'Java开发工程师',
 'jobRequest': ['岗位职责：',
                '1.需求分析、系统开发；',
                '2.负责完成各类设计文档，并参与开发；',
                '3.使用JAVA与数据库语言进行项目开发；',
                '任职要求：',
                '1、3年以上的开发经验，有系统设计经验；',
                '2、有丰富的Spring框架使用经验，知识面比较宽，了解目前流行的技术；',
                '3、熟悉WebJSP,Servlet,JavaBean,JMS,EJB,Jdbc开发；',
                '4、具有较强的沟通能力及团队合作精神，有团队管理经验；',
                '5、工作认真，细心，有条理；积极性高，求知欲强；',
                '6、深入了解设计模式和项目管理经验者优先。',
                '福利待遇：',
                '1、工作时间：周一至周五；',
                '2、五险一金（按照国家规定为员工缴纳）；',
                '3、按劳动法享有休假福利，国家法定节假日统一休假；',
                '4、茶会、员工生日会，不定期组织部门活动。']}
2019-08-12 23:17:41 [root] WARNING: item::::::: {'date': '2019-08-12',
 'jobErea': '上班地址 : 威新软件园</span></a>\t',
 'jobName': 'web开发工程师（java）',
 'jobRequest': ['岗位职责：',
                '1.独立负责产品模块的功能设计、开发、交付',
                '2.输出相关技术文档',
                '3.熟悉WEB服务相关组件（Springmvc、hibernate、mysql等）配置、功能、性能，在研发过程中可以对现有代码架构进行重构、封装',
                '4.跟踪修复BUG库中的软件问题',
                '"',
                '任职要求：',
                '1.大学本科及以上学历（985和211优先），计算机相关专业，3年以上Java开发经验，',
                '2.具备较强的逻辑思维、沟通理解、学习能力',
                '3.精通Java编程，熟练掌握Java基础知识，Java多线程编程，设计模式',
                '4.熟练使用主流框架技术，例如：Springboot、SpringMVC、Hibernate、jdbc等',
                '5.熟悉Mysql、Redis，熟悉Linux操作系统，熟悉Maven、Git、JUnit、HTTPS、JSON，了解Python、shell',
                '6.熟悉Webserver配置，例如：Nginx、Tomcat等',
                '7.了解常见WEB安全漏洞利用原理及相应的修复方案，具有安全风险评估与解决方案设计的能力',
                '8.了解jvm内存调优、问题定位、远程调试等"']}
2019-08-12 23:17:41 [root] WARNING: item::::::: {'date': '2019-08-12',
 'jobErea': '上班地址 : 桃源街道丽山路桑泰大厦</span></a>\t',
 'jobName': 'JAVA开发工程师',
 'jobRequest': ['岗位职责：',
                '1、基于产品和设计需求进行业务系统的后台的设计和开发；',
                '2、参与需求和设计讨论；',
                '3、基于Java以及主流框架完成编码和单元测试工作；',
                '4、参与测试方案和测试用例评审。',
                '任职资格：',
                '1、计算机软件或相关专业，全日制统招本科以上学历，优秀应届毕业生亦可；',
                '2、精通Java编程，熟悉SpringMVC、MyBatis、Dubbo等主流框架；',
                '3、熟练使用Redis、Kafka、Solr/ES、MQ等开源组件；',
                '4、熟练使用MySql、Oracle或者SQLServer数据库；',
                '5、有较强的独立工作能力和团队协作精神和较好的沟通表达能力；',
                '6、精通felix框架优先考虑。']}
2019-08-12 23:17:41 [root] WARNING: item::::::: {'date': '2019-08-12',
 'jobErea': '上班地址 : 鼎和大厦</span></a>\t',
 'jobName': 'JAVA开发工程师',
 'jobRequest': ['岗位职责：',
                '1、负责项目组的核心程序开发工作；',
                '2、研究项目技术细节，编写相应的说明书；',
                '3、参与项目需求分析和设计,解决关键问题；',
                '4、负责文档编写，软件开发及测试、实施等工作；',
                '5、负责培训和辅导初级开发工程师，培养其它开发人员。',
                '任职资格:',
                '1、计算机或相关专业，本科及以上学历，2年以上Java开发经验和1年管理经验；',
                '2、有金融保险行业核心业务系统开发经验者优先；',
                '3、英语水平良好，能够阅读英文技术文档和邮件；',
                '4、拥有J2EE和WEBSERVICE研发经验，熟练掌握Struts、Hibernate、Spring等主流框架开发过程，熟练掌握Ajax、HTML、Javascript(JQuery)；',
                '5、熟悉Powerdesign、RationalRose、Together等至少一种建模工具；',
                '6、熟悉版本管理流程，熟悉CVS/VSS/SVN至少一种版本管理工具；',
                '7、熟悉WebSphere/WebLogic/JBoss/Tomcat等主流J2EE应用服务；',
                '8、有ORACLE、SQLSERVER、MYSQL等数据库开发经验，有较强的SQL编写能力；',
                '9、有刻苦钻研精神，良好的学习能力和适应能力，工作主动性强，有责任心，注重团队合作，愿意从事系统研发工作领域。']}
2019-08-12 23:17:41 [root] WARNING: item::::::: {'date': '2019-08-12',
 'jobErea': '上班地址 : 宝源路金源商务大厦B座4楼</span></a>\t',
 'jobName': 'Java开发工程师',
 'jobRequest': ['1、计算机相关专业本科学历',
                '2、三年以上工作经验，吃苦耐劳，积极主动',
                '3、有团队合作意识',
                '4、熟练与深入了解SpringMVC,Struts2,SpringBoot,Mybatis,Hibernate等开源框架',
                '5、娴熟的使用Tomcat,Linux,MySQL',
                '6、了解消息队列，Redis，Dubbo，Nginx及多线程',
                '7、有过传感器数据对接经验优先考虑']}
2019-08-12 23:17:41 [root] WARNING: item::::::: {'date': '2019-08-12',
 'jobErea': '上班地址 : 南山区高新区南区中国地质大学产学研大楼A1001</span></a>\t',
 'jobName': 'Java开发工程师',
 'jobRequest': ['1.独立完成功能模块代码编写，调试，测试和维护；',
                '2.参与产品和项目需求分析，进行系统的功能定义，程序设计；',
                '3.参与架构设计，负责核心架构部分代码实现；',
                '4.负责编写各阶段的产品和项目的技术设计文档。',
                '1、本科及以上学历，计算机相关专业，3年以上工作经验，有GIS行业开发背景者优先考虑；',
                '2、精通JAVA、WEB编程，熟悉J2EE技术架构；',
                '3、熟练掌握SpringMVC，Mybatis等开源框架的代码编写；',
                '4、熟悉ORACLE/MySQL数据库以及数据库开发机制；',
                '5、熟悉Web相关技术，同时具有项目开发经验者优先；',
                '6、踏实稳重、团队合作、良好的沟通能力，学习能力。']}
2019-08-12 23:17:41 [root] WARNING: item::::::: {'date': '2019-08-12',
 'jobErea': '上班地址 : 大剧院地铁站F出口</span></a>\t',
 'jobName': 'java高级开发工程师',
 'jobRequest': ['*本职位需驻场平安银行总行*',
                '岗位职责：',
                '1、负责Java项目的开发及维护工作；',
                '2、参与产品设计和需求分析；',
                '3、按照项目计划，配合项目经理，按时提交高质量代码，完成开发任务；',
                '4、解决系统运行中出现的问题缺陷；',
                '5、规范文档的编写、维护，以及其他与项目相关工作',
                '6、指导初级人员的技术工作。',
                '7、此岗位可能会在客户方驻场开发',
                '任职要求：',
                '1、大专7年及以上，本科5年及以上学历，只接受统招或自考(学历或年限不足请勿投)',
                '2、Java基础扎实，熟悉面向对象和设计模式；',
                '3、数据库基础扎实，掌握数据数据库优化基本技巧；',
                '4、熟悉SpringMVC、Spring、Mybatis、Hibernate、dubbo等常用框架；',
                '5、熟练掌握mysql、memcached、redis等主流数据存储系统；',
                '6.有线上高并发、大数据量处理经验，对java多线程编程有较深的理解，并有实战经验；',
                '7、熟练Redis/Memcache等常用中间件；',
                '8、有处理生产问题的经验',
                '9、对技术有强烈的兴趣，喜欢钻研，具有良好的学习能力，沟通技能和团队协作能力。']}
2019-08-12 23:17:41 [root] WARNING: item::::::: {'date': '2019-08-12',
 'jobErea': '上班地址 : 南山区高新技术产业园北区清华信息港研发楼A栋703号</span></a>\t',
 'jobName': 'Java开发工程师',
 'jobRequest': ['1、根据项目需求开发智能仓储管理系统、产品迭代更新和功能定制开发；',
                '2、深入发掘和分析业务需求，撰写技术方案和系统设计；',
                '3、主动积极配合，参与系统方案的设计、进行系统测试，快速分析发现的问题并思考解决方案；',
                '4、学习和研究新技术以满足产品和项目的需求。',
                '1、计算机、软件相关专业，大专以上学历；',
                '2、2年以上java开发经验，至少经历过1个以上完整java项目开发过程；',
                '3、熟练使用SSM框架编写代码，具备部署调试服务器能力；',
                '4、掌握mysql常用开发命令，具备数据库设计和优化能力，熟悉定时器、存储过程编写调用；',
                '5、良好的团队协作能力，优秀的编码习惯和高度的责任心；',
                '6、有智能仓储系统开发，RFID应用经验优先。']}
2019-08-12 23:17:41 [root] WARNING: item::::::: {'date': '2019-08-12',
 'jobErea': '上班地址 : 高新南一道21号思创科技大厦2楼东</span></a>\t',
 'jobName': 'Java高级开发工程师',
 'jobRequest': ['岗位要求：',
                '1.精通Java语言，6-8年Java开发经验，211或985本科及以上学历优先，计算机或软件专业优先；',
                '2.了解分布式架构并对基础技术组件（如消息队列、缓存、存储等）有深入理解；',
                '3.了解主流企业技术架构模型，熟悉ERP，CRM，HRM等企业业务核心系统；',
                '4.熟悉J2EE开发以及相关技术和框架，对Spring、SpringBoot、Hibernate/SpringData、SpringMVC、RabbitMQ、Redis、Dubbo等技术有熟练的应用经验；',
                '5.熟悉MySQL、Postgresq数据库，具有较强的数据库设计和优化能力；',
                '6.熟悉XML/JSON相关知识；',
                '7.熟悉maven、svn等项目管理工具；',
                '8.熟悉分布式系统的设计和应用，具备大流量、大访问量、高负载环境下的系统开发及优化经验者优先；',
                '9.具备良好的代码阅读和分析能力，熟悉重构方法和代码优化，有良好的编程习惯；',
                '10.具备良好的文档撰写能力，能够独立编写数据接口文档；',
                '11.能独立分析并解决问题，且善于沟通及团队协作，具备钻研新技术的兴趣和能力；',
                '12.细致认真，主动性强，善于沟通，有很好的团队精神，能够承担较大压力。',
                '公司网站：www.huijuhuaqi.com，公司目前在做的是SAAS模式的移动协同办公软件，自定义组件式开发。',
                '产品网址：https://www.teamface.cn/',
                '我们为您提供：',
                '入职即买五险一金、',
                '每周下午茶、',
                '不定时聚餐、',
                '团建旅游、',
                '节假日福利礼品、',
                '五天八小时、',
                '内部晋升转岗',
                '多次调薪',
                '……',
                '入职即买五险一金、',
                '每周下午茶、',
                '不定时聚餐、',
                '团建旅游、',
                '节假日福利礼品、',
                '五天八小时、',
                '内部晋升转岗',
                '多次调薪',
                '……']}
2019-08-12 23:17:41 [root] WARNING: item::::::: {'date': '2019-08-12',
 'jobErea': '上班地址 : 办公地址一：福田区上梅林中康路奥仕达大厦A303室 /  '
            '办公地址二：福田区景田地铁站附近---监控中心402室</span></a>\t',
 'jobName': 'Java开发工程师',
 'jobRequest': ['岗位职责：',
                '1、负责行业应用软件项目的开发、测试和维护；',
                '任职资格',
                '1、计算机软件或相关专业，本科或以上学历；',
                '2、2年以上编码经验，熟练掌握java语言编程和JavaEE相关技术(SpringMVC,PringBoot,、Hibernate等)；熟悉IntelliJIdea、Eclipse开发环境。',
                '3、熟悉Linux环境，熟悉Tomcat或Websphere,nginx部署；；',
                '4、熟练掌握MySQL或Oracle数据库开发，熟悉mongoDB，redis数据库，熟练掌握数据库开发和建模；',
                '5、有良好的团队合作精神，沟通能力和文档编写能力；',
                '6、有强烈的责任心，能严格遵循编码规范和工作流程完成开发工作；',
                '工作时间：',
                '上午9:00-12:00，下午13:30-18:00（周末双休）',
                '福利待遇：',
                '1、公司统一为员工办理社会保险及住房公积金、享有国家劳动法规定的假期等；',
                '2、员工生日/节假日福利、年度旅游、不定期举行活动聚餐和发放生活用品；',
                '3、提供有竞争力的薪酬，发放年终奖。']}
2019-08-12 23:17:41 [root] WARNING: item::::::: {'date': '2019-08-12',
 'jobErea': '上班地址 : 深南东路文华大厦西座3楼(黄贝岭地铁站H)</span></a>\t',
 'jobName': 'Java开发工程师',
 'jobRequest': []}
2019-08-12 23:17:41 [root] WARNING: item::::::: {'date': '2019-08-12',
 'jobErea': '上班地址 : 桃源街道金骐智谷大厦</span></a>\t',
 'jobName': 'Java开发工程师',
 'jobRequest': ['岗位职责：',
                '1、在上级的领导和监督下定期完成量化的工作要求，并能独立设计、处理和解决所负责的任务，保证程序的质量和进度；',
                '2、参与系统架构设计，技术方案选型，核心代码的编写；',
                '3、编写各类系统技术文档；',
                '4、负责公司新产品的研发和现有产品的维护；',
                '5、关注技术动向，有研究前沿技术的兴趣。',
                '岗位要求：',
                '1、3年以上Java/WEB互联网项目设计和开发经验；',
                '2、进行程序单元、功能的测试，查出软件存在的缺陷并保证其质量，有独立钻研的能力；',
                '3、负责系统模块分析和系统接口设计，熟悉网络编程、具有跨平台对外API对接的经验和能力；',
                '4、熟练使用Spring框架及其生态链，熟悉SpringMVC/Mybatis/Struts/Hibernate、SprintBoot等主流框架；',
                '5、熟悉JavaScript、html、div+css技术，熟练使用Jquery框架，至少熟练一种ui框架（如：JQuery、Extjs、DWZ、EasyUI等）；',
                '6、熟悉Oracle/Mysql/SQLServer等数据库之一；',
                '7、熟悉Tomcat、Ngin等应用服务器的使用；',
                '8、熟悉activeMq或kafka；',
                '9、具备一个完整的javaweb项目经验以及有dubbo经验的优先；',
                '10、具有强烈的责任心、敬业精神和团队协作能力，具备良好的职业道德、诚实守信，工作态度严谨认真，良好的沟通能力；',
                '11、熟悉Linux/Shell及常用的开发工具，能独立开发、测试、部署；熟悉云环境部署，具备一定运维经验优先。',
                '公司地址：深圳市南山区桃源街道留仙大道塘岭路1号金骐智谷大厦（地铁5号线环中线塘朗地铁站附近）']}
2019-08-12 23:17:41 [root] WARNING: item::::::: {'date': '2019-08-12',
 'jobErea': '上班地址 : 中国 深圳 南山区科发路8号金融基地2栋11楼神州信息</span></a>\t',
 'jobName': 'Java高级开发工程师',
 'jobRequest': ['岗位职责:',
                '1、理解产品需求，进行自动化系统架构及功能详细设计；',
                '2、负责架构以及核心模块的开发实现；',
                '3、承担产品关键开发、配置和部署工作；',
                '4、承担产品项目的各项管理维护工作并确保项目成功实施；',
                '5、学习新技术并应用于产品的开发过程；',
                '岗位要求:',
                '1、本科及以上学历，3年以上Java/J2EE开发经验；',
                '2、精通Java，掌握J2EE基础开发技术；',
                '3、对数据结构和算法有比较深入的了解；',
                '4、熟悉SpringBoot、SpringMVC、MyBatis、Hibernate、Vue、Bootstrap等开源框架']}
2019-08-12 23:17:41 [root] WARNING: item::::::: {'date': '2019-08-12',
 'jobErea': '上班地址 : 深南中路2070号电子科技大厦D座505</span></a>\t',
 'jobName': 'Java高级开发工程师',
 'jobRequest': ['岗位职责：',
                '1.参与产品需求分析，制定开发计划，保证产品研发工作的质量和计划顺利实施;',
                '2.参与产品设计，能够为产品的优化和改进提供独到的意见，根据业务需求撰写系统概要设计和详细设计;',
                '3.负责项目核心模块代码编写，解决研发过程中的关键问题和技术难点，确保研发软件的安全、质量和性能;',
                '4.参与方案的讨论和技术调研、负责方案升级、更新，协助完成项目的测试、系统交付工作和后期维护工作;',
                '5.搭建系统开发环境，指导初中级开发人员日常开发工作，并确保开发规范执行。',
                '6.能够完成系统的部署和现场配置及测试工作。',
                '岗位要求：',
                '1.具备扎实的Java语言基础、精通Spring、SpringMVC，SpringCloud相关技术，熟悉MyBatis，MyBatisPlus，Sharding-jdbc等开源框架；',
                '2.熟悉Junit、Gradle、Redis、MongoDB、RabbitMQ、elasticsearch，zookeeper等技术，具备项目运用经验；',
                '3.熟悉Socket通讯、TCP、HTTP协议，以及多线程、高并发技术；',
                '4.有高并发、大容量、分布式等架构设计和开发经验优先考虑；',
                '5.有JAVA开发至少四年以上经验；',
                '6.具备至少两个互联网系统或者企业应用系统的实际开发经验；',
                '7.有强烈的责任心，优秀的表达能力及沟通能力，较强的学习和理解能力，思路清晰，善于思考，能独立分析和解决问题；']}
2019-08-12 23:17:41 [root] WARNING: item::::::: {'date': '2019-08-12',
 'jobErea': '上班地址 : 汇潮科技大厦2702</span></a>\t',
 'jobName': 'Java开发工程师（支付）',
 'jobRequest': ['Java工程师1、独立完成系统分析设计，并主导完成详细设计和编码任务，确保项目的进度和质量；',
                '2、负责后端API设计，开发及维护；',
                '3、能够编写架构好的后端代码；',
                '岗位职责',
                '1、本科以上学历，计算机软件或相关专业；',
                '2、有过支付公司支付经验的优先；',
                '3、熟悉Java/J2EE,基础扎实，熟悉掌握常用的java技术框架（SpringMVC、Hibernate），能够编写简洁清晰高质量的代码；',
                '4、对于java基础技术体系（包括JVM、类装载机制、多线程并发、IO、网络）有较为深入的理解和实际项目经验；',
                '5、有第三方支付工作经验者优先。']}
2019-08-12 23:17:41 [root] WARNING: item::::::: {'date': '2019-08-12',
 'jobErea': '上班地址 : 深圳市福田区购物公园平安金融中心</span></a>\t',
 'jobName': 'Java开发工程师',
 'jobRequest': ['1、从事过大规模应用的性能架构和优化项目，在高性能、高并发、分布式缓存等方面有经验优先；2、熟练使用数据库SQL语言和Redis、Linux操作；3、熟悉TCP、HTTP等通信协议4、对Spring、MyBatis、nginx等有深入了解，并具备应用实践经验5、熟练使用GIT、MAVEN等工具6、熟悉常用消息中间件，如rocketmq、kafka等7、对网络安全相关知识有一定了解',
                '1.JAVA基础扎实，两年以上JAVA开发经验；2.参与公司项目功能开发及用户体验优化等事项；3.负责部分子模块的系统分析和设计、数据库设计、程序开发、集成测试等；4.对自己开发的模块的性能、稳定、安全、等方面的监测和调优承担责任；']}
2019-08-12 23:17:41 [root] WARNING: item::::::: {'date': '2019-08-12',
 'jobErea': '上班地址 : 深圳市南山区高新中二道生产力大楼B栋三楼</span></a>\t',
 'jobName': 'Java开发工程师',
 'jobRequest': ['岗位职责：',
                '1）负责JAVA后台开发和维护，解决关键技术问题；',
                '2）按规范全程参与项目：理解需求、设计、开发、测试、维护；',
                '3）持续改进系统以满足业务需要，保障系统的可扩展性、高性能、高稳定性，持续完善后台设计和开发规范；',
                '任职要求：',
                '1）计算机相关专业大专（成绩和专业动手能力全班前三）及以上学历，1年以上开发经验、或专业能力优秀的毕业生；',
                '2）JAVA基础扎实，对jvm有深入了解，熟练掌握Spring，SpringMVC，Hibernate等常用J2EE框架，熟悉常用设计模式；',
                '3）熟悉SpringCloud、Redis、nginx等常用分布式和集群框架，熟悉分布式、缓存、消息、负载均衡等机制的实现；',
                '4）有分布式、高并发、高负载、高可用系统设计和开发经验者优先，有成熟前端开发经验者优先（项目中有少量前端开发工作）；',
                '5）熟练使用mysql数据库，有SQL性能调优经验；',
                '6）喜爱技术、钻研技术，有良好的代码习惯；',
                '7）强烈的责任感，思维逻辑清晰，工作细致，有较好的沟通能力和承担压力的能力。']}
2019-08-12 23:17:41 [root] WARNING: item::::::: {'date': '2019-08-12',
 'jobErea': '上班地址 : 保税区</span></a>\t',
 'jobName': 'Java开发工程师（银行软件）',
 'jobRequest': ['岗位职责:',
                '1.金融行业应用产品的研发、需求分析及实施；',
                '2.产品维护与产品技术支持；',
                '3.基础产品和应用系统的技术支持。',
                '任职资格:',
                '1.2年以上JAVA及J2EE开发经验；参加过一次大中型应用软件/软件项目，并在其中担当重要角色；',
                '2.银行金融业务相关项目开发经验，有保理业务项目开发经验或供应链金融相关项目开发经验优先;',
                '3.熟悉html,js,JSP,Servlet,Jquery,EXTJS等技术，熟悉Oracle及DB2数据库，Linux和AIX操作系统；',
                '4.诚实守信、有责任心，勤奋、踏实，有团队合作精神，能承受较大工作压力；',
                '5.具有较好的沟通能力，业务需求分析、及文档编写能力；',
                '6.大学本科及以上学历，计算机相关专业毕业。']}
2019-08-12 23:17:41 [root] WARNING: item::::::: {'date': '2019-08-12',
 'jobErea': '上班地址 : 深南东路4003号世界金融中心A座11楼</span></a>\t',
 'jobName': 'Java高级开发工程师',
 'jobRequest': ['岗位职责',
                '1.负责撰写技术方案，参与系统分析与设计、测试支持、系统上线；',
                '2.负责现有系统的优化和重构，技术原型开发和核心模块代码编写；',
                '3.负责项目重点、难点的技术攻坚；',
                '4.负责研究并预研引进新技术；',
                '5.持续提升系统性能和稳定性，扫除技术风险；',
                '6.负责系统核心模块代码编写，带领团队共同完成项目的开发和维护；',
                '7.对平台项目进行技术评审和把关，验证方案的有效性和合理性；',
                '8.负责制定产品开发规范，制定技术标准，善于从实践项目开发中总结技术经验；',
                '9.编写相应的技术文档，对初级工程师提供培训，提高团队整体开发能力.',
                '岗位要求:',
                '1、计算机相关专业，大学本科及以上学历；有3年以上大型互联网、金融行业项目实战经验优先；',
                '2、有分布式项目经验，了解分布式锁，分布式事务原理者优先。',
                '3、掌握JSP,freemaker,SpringMVC、dubbo、SpringBoot、springCloud、MyBatis等开源框架;',
                '4、熟练掌握HTML、CSS、Javascript等WEB页面设计与编程，熟悉AJAX；',
                '5、精通数据库技术，至少精通SQLServer/MySql中任意一种数据库；',
                '6、精通OOD、OOP及软件架构设计模式，至少熟悉UML及Visio/RationalRose/PowerDesigner中一种设计工具；',
                '7、从事过大规模Web应用开发，熟悉设计模式、代码重构、JVM性能优化者优先；',
                '8、在可扩展、高性能、高并发、高稳定性系统设计、开发和调优方面有实际经验；',
                '9、思维敏捷，具有良好的逻辑分析及问题解决能力，对互联网业务和产品有较强的敏感性。',
                '10、jvm调优能力，了解jvm原理。']}
2019-08-12 23:17:41 [root] WARNING: item::::::: {'date': '2019-08-12',
 'jobErea': '上班地址 : 钟表基地芳园路星皇科技园星皇大厦4楼</span></a>\t',
 'jobName': 'Java高级开发工程师',
 'jobRequest': ['岗位职责：',
                '1、根据产品规划，负责产品模块研发工作，并将开发任务进行分解；',
                '2、解决产品开发过程中出现的技术难题，优化代码提升性能，发现开发过程中的风险，并能提出方案解决；',
                '3、遵循开发规范，带领团队按时按质的完成开发任务交付产品；',
                '4、熟练掌握主流开发框架，能快速掌握各种新技术并积极分享；',
                '5、团队内部技术指导。',
                '任职资格：',
                '1、本科或以上学历，五年以上Java开发经验，有扎实的基础功底，并有带领团队的经验；',
                '2、善于使用java语言进行服务的后端开发；熟悉主流的java开源框架，如spring等；',
                '3、有物联网、智慧路灯，智慧城市项目开发经验优先。',
                '4、有良好的逻辑分析能力和业务分析能力，良好的沟通能力和团队合作能力；',
                '5、有责任心，能按时按质的交付产品。',
                '在这里您将是公司的技术大咖，将带领团队一起协作开发。']}
2019-08-12 23:17:41 [root] WARNING: item::::::: {'date': '2019-08-12',
 'jobErea': '上班地址 : 环球易购</span></a>\t',
 'jobName': 'Java开发工程师',
 'jobRequest': ['（1）大专及以上学历，计算机相关专业优先；',
                '（2）3年以上开发经验；',
                '（3）Java基础扎实,熟悉Java后端开发，熟悉多线程及高性能的设计与编码；',
                '（4）了解微服务技术如Dubbo、SpringCloud等至少其中一种，有分布式服务化思维；',
                '（5）熟悉Linux操作系统，熟悉常用操作命令，能进行版本发布及容器性能优化，定位应用程序问题；',
                '（6）熟悉常用服务端开源框架：Spring、MyBatis、RabbitMQ、Redis、Zookeeper、ES等；',
                '（7）了解过分库分表技术，熟悉如sharding-jdbc等开源分库分表中间件，；',
                '（8）熟悉数据库设计，具备SQL性能优化经验；',
                '（9）具备海量数据、大批量、高并发、高性能分析及处理的成熟经验者优先；',
                '（10）具有良好的沟通能力、协调能力和团队合作精神。喜欢挑战性的工作，能承受工作压力。']}
2019-08-12 23:17:41 [root] WARNING: item::::::: {'date': '2019-08-12',
 'jobErea': '上班地址 : 深圳龙华新区梅陇路光浩国际中心19E</span></a>\t',
 'jobName': '5年经验Java开发工程师',
 'jobRequest': ['岗位职责',
                '1.完成公司项目业务后端的开发。',
                '2.参与公司基础架构建设。',
                '任职要求',
                '1.5年以上相关Java研发经验。',
                '2.对技术感兴趣,刻苦钻研，热爱分享，有良好的文档查阅及编写能力。',
                '3.具有面向对象设计及编程思想，熟练使用Java。',
                '4.熟悉Spring,SpringBoot,SpringCloud等相关技术，有相关项目开发经验者优先。',
                '5.熟练Sql语句及其优化原则，熟悉mysql数据库。',
                '6.熟练使用linux,Nginx,Tomcat,Redist,MQ等。',
                '7.熟练使用git以及gitflow。',
                '8.熟悉HTML,CSS,JavaScript等前端技术，有vue使用经验（加分项）。']}
2019-08-12 23:17:41 [root] WARNING: item::::::: {'date': '2019-08-12',
 'jobErea': '上班地址 : 农林路与侨香路交汇处深国投广场三栋</span></a>\t',
 'jobName': 'Java开发工程师（深圳上班）',
 'jobRequest': ['1.5年以上Java/J2EE开发经验，有大型软件公司工作经验的优先考虑；',
                '2.熟悉主流Java开发框架，如Spring系列框架、Struts、iBatis/MyBatis、Hibernate；',
                '3.熟悉蒋健的软件开发模式，并能够在项目中运用；',
                '4.熟悉软件开发流程，熟悉单元测试开发，有敏捷开发经验者优先考虑；',
                '5.了解云计算（如SpringCloud）、微服务架构或者DevOps并有项目经验者优先考虑；',
                '6.熟悉1-2种常见的关系型数据库的开发和设计，如MySQL、SQLServer、Oracle等；',
                '7.具备如下技术的开发经验，或有能力快速学习掌握：MongoDB、Redis、ActiveMQ/RabbitMQ/Kafka；',
                '8.熟悉Linux常见命令，能编写简单的Shell；',
                '9.了解HTML5、JavaScript、Ajax、Jquery等前端技术的优先考虑；',
                '10.逻辑思维清晰，责任心强，沟通能力强，具备良好的团队合作精神。']}
2019-08-12 23:17:41 [root] WARNING: item::::::: {'date': '2019-08-12',
 'jobErea': '上班地址 : 深圳市宝安区西乡街道宝源路亨林大厦402C室</span></a>\t',
 'jobName': 'Java高级开发工程师',
 'jobRequest': ['岗位职责：',
                '1、负责后端的代码编写;',
                '2、按照项目进度，根据项目需求和设计文档完成项目的代码开发;',
                '3、结合测试工程师的要求对程序进行优化和调整;',
                '4、编写和维护相关文档;',
                '任职要求：',
                '1、计算机相关专业全日制统招本科及以上学历;3年以上工作经验；',
                '2、性格开朗，具有良好的团队合作及沟通能力，能够承受较大的工作压力，有责任心，有奋斗准备;',
                '3、有良好的编码风格，敏锐的技术洞察力，熟悉设计模式，并具有较强的综合分析设计能力;',
                '4、熟悉掌握流行的开源Java框架，有cxf、Spring、SpringMVC、mybatis使用经验;',
                '5、熟练掌握XML、HTML/XHTML、CSS、Javascript、AJAX、JSON等技术;',
                '6、熟练使用MySQL数据库；',
                '7、熟悉微信生态开发，熟悉多线程开发优先;',
                '欢迎有意本岗位的朋友在简历中附带上薪资要求，如果您符合我们的要求，我们将最快通知您面试']}
2019-08-12 23:17:41 [root] WARNING: item::::::: {'date': '2019-08-12',
 'jobErea': '上班地址 : 南山智园软件园（环中线塘朗站）</span></a>\t',
 'jobName': 'Java开发工程师(甲方内部职位）',
 'jobRequest': ['1.理解业务，识别分析需求，负责模块架构设计、重构、优化，根据业务规划及技术规划制定应用架构方案；',
                '2.负责系统设计、详细设计，开发核心模块；',
                '3.主导技术难题攻关，解决各种疑难杂症；',
                '4.审核和评估相关方案与设计，以确保其符合架构规划，满足业务需求；',
                '5.对开发团队进行技术指导和培训.分享开发和设计经验，规范开发流程；',
                '6.完成领导交办的其他任务。',
                '任职要求：',
                '1.全日制本科及以上学历，计算机或通讯等相关专业，有招聘系统开发经验者优先考虑；',
                '2.三年以上工作经验，有高并发、大数据量业务处理的实践经验；',
                '3.熟练使用Java主流技术框架，了解其运行机制，有优化经验更佳；',
                '4.深刻理解设计模式的思想，具有良好的面向对象分析能力和模块识别能力；',
                '5.熟练掌握目前流行开源框架(spring/springmvc/mybatis)，并且对其核心思想.实现原理有一定认知；',
                '6.熟悉应用容器、推荐引擎、服务框架、消息中间件、数据中间件、业务流程和业务规则等技术，熟悉相关方案并有实践经验；具备系统调试、性能调优等技能，对疑难技术问题具备较强的排查能力；',
                '7.对主流缓存框架redis和关系型数据mysql有较丰富的使用经验；',
                '8.了解前端开发技术Javascript/CSS，了解实现原理；',
                '9.对技术有激情，喜欢钻研，能快速接受和掌握新技术，有较强的独立性和主动学习能力，良好的沟通表达能力和团队协作能力。']}
2019-08-12 23:17:41 [root] WARNING: item::::::: {'date': '2019-08-12',
 'jobErea': '上班地址 : 前海深港合作区前湾一路1号A栋</span></a>\t',
 'jobName': 'java开发工程师（深圳）',
 'jobRequest': []}
2019-08-12 23:17:41 [root] WARNING: item::::::: {'date': '2019-08-12',
 'jobErea': '上班地址 : 东海国际中心B座19楼</span></a>\t',
 'jobName': 'Java开发工程师',
 'jobRequest': ['1）JAVA基础扎实，项目从事后台开发两年以上；有框架工作经验者（主要搭建技术框架，如分布式、SPRINGBOOT等均可）优先；',
                '2）数据库技能扎实，有ORACLE/存过开发经验，对索引了解，处理过大数据量、有文件数据转换经验者优先；',
                '3、了解springboot框架']}
2019-08-12 23:17:41 [root] WARNING: item::::::: {'date': '2019-08-12',
 'jobErea': '上班地址 : 赛西科技大厦11楼1112室</span></a>\t',
 'jobName': '高级Java开发工程师',
 'jobRequest': ['1、需求分析、系统设计工作，完成系统需求分析、设计说明书编写；',
                '2.高可用、高并发服务端系统、接口设计和开发',
                '3.根据客户端业务设计和实现可扩展的服务端系统',
                '4.与团队共同协作解决技术难题',
                '5.为产品设计提供技术评估',
                '6.有扎实的技术功底和技术攻关能力',
                '1、激情上进，抗压能力强，有责任心，精益求精，性格开朗；',
                '2、5年以上互联网项目Java开发经验，编程基础扎实，熟悉多线程、网络编程；',
                '3、熟悉主流的Java开源框架，如Spring全家桶，微服架构，MyBatis等',
                '4、熟悉分布式系统开发,高性能高并发编程，有实际开发经验',
                '5、熟悉常用的缓存系统，如redis、memcached。',
                '6、熟悉mysql等主流数据库的设计和开发，有一定的sql优化经验；',
                '7、熟悉常用的开发工具，如Eclipse,Idea、Git/Svn、junit、Maven；',
                '8、熟悉常用的设计模式，并能够灵活运用到实际项目中；',
                '9、有互联网行业经验、优惠券卡包、Sass平台开发、团队管理经验者优先。']}
2019-08-12 23:17:41 [root] WARNING: item::::::: {'date': '2019-08-12',
 'jobErea': '上班地址 : 金中环商务大厦48楼</span></a>\t',
 'jobName': 'Java开发工程师',
 'jobRequest': ['岗位职责：',
                '1、主要负责互联网金融平台后台系统的需求分析，设计以及代码开发工作。',
                '2、能准确理解/分析业务需求，基于公司统一的架构，快速迭代完成产品研发，并能根据系统日常情况以及业务要求，进行系统优化。',
                '3、分析并解决业务运营中出现的问题，为运营、客服等其他团队提供支持。',
                '4、整理负责模块相关文档，帮助架构师改进完善系统架构。',
                '任职要求：',
                '1、本科及以上学历，计算机、软件工程、信息系统等相关专业；3年以上工作经验，1年以上架构设计经验。',
                '2、熟悉主流的互联网架构框架，如springcloud，精通java语言；熟悉高并发、高可靠性系统设计。',
                '3、熟悉分布式系统基常用技术，如缓存(redis、memcache等)、消息中间件(kafka、rocketmq等)、代理服务器(Apache、Nginx)等，熟悉Hadoop生态。',
                '4、熟悉mysql数据库和NoSQL，熟悉数据的集群、主备以及异地双活等系统方案。',
                '5、对常用设计模式能够熟练应用，并能根据需求设计出高质量的代码架构，理解重构意义。',
                '6、具备电商、互联网金融产品架构设计者优先。熟悉公有云（AWS、阿里云）服务环境优先。']}
2019-08-12 23:17:41 [root] WARNING: item::::::: {'date': '2019-08-12',
 'jobErea': '上班地址 : 松坪山路1号源兴科技大厦南座902</span></a>\t',
 'jobName': '高级JAVA后台开发工程师(J10522)',
 'jobRequest': ['工作职责:',
                '1、负责智慧课堂后台的开发和维护；',
                '2、负责智慧课堂后台需求的分析和技术评估；',
                '3、负责智慧课堂后台的优化。',
                '任职资格:',
                '1、2015年及更早毕业毕业，全日制统招本科及以上学历，计算机或相关专业；',
                '2、五年以上JAVA后台工作经验，有团队管理或项目技术负责人经验优先；',
                '3、熟悉Linux操作系统，精通Java；',
                '4、熟悉多线程、网络编程、异步，熟悉JVM内存结构与GC算法调优；',
                '5、熟悉Spring，Springboot等技术栈，了解源码和实现原理；',
                '6、熟悉TCP/IP协议，熟悉常用网络协议以及通信原理；',
                '7、熟悉MySQL/Redis等数据库并设计操作经验；',
                '8、有高并发、大数据后台开发维护经验优先；',
                '9、同时熟悉C/C++/python优先；',
                '10、有较强的学习能力和逻辑思维能力，思想上开放，主动积极有责任感。']}
2019-08-12 23:17:41 [root] WARNING: item::::::: {'date': '2019-08-12',
 'jobErea': '上班地址 : 宝安区塘头一号路领亚工业园</span></a>\t',
 'jobName': 'Java开发工程师',
 'jobRequest': ['1.负责设备后台的开发和维护工作；',
                '2.负责平台内Web端页面开发和维护工作；',
                '3.可以兼做控制设备手机APP的开发。',
                '4.2年以上JAVA开发经验，编程基础扎实。']}
2019-08-12 23:17:41 [root] WARNING: item::::::: {'date': '2019-08-12',
 'jobErea': '上班地址 : 平安金融中心</span></a>\t',
 'jobName': 'Java开发工程师',
 'jobRequest': ['1.深入调研引入符合业务场景的开源技术框架及中间件；2.设计并开发分布式事务、分布式RPC框架、基础组件、服务框架等中间件产品及相关支撑平台；3.定位并解决大规模分布式系统的性能及稳定性问题。4.现有公司微服务框架及其它中间件的升级和支持服务。',
                '1、本科及以上学历，计算机或相关专业；',
                '2、1年以上java开发工作经验，有大规模应用的性能架构和优化项目优先考虑；',
                '3、熟练使用数据库SQL语言和Redis；',
                '4、精通SpringFramework、MyBatis，5、熟悉MySQL、Linux；',
                '6、对微服务有一定了解，有springboot或者springcloud使用经验更佳；',
                '7、善于沟通及主动思考总结,倡导创新与持续优化,思路周密,代码严谨,对待技术有强烈兴趣;',
                '8、有良好的团队合作及抗压能力,有强烈的主人翁意识推进事务进展;']}
